<?xml version="1.0" encoding="UTF-8"?>
<robot generator="Robot 6.1.1 (Python 3.11.0 on darwin)" generated="20231120 01:23:34.171" rpa="false" schemaversion="4">
<suite id="s1" name="Tests" source="/Users/ismo/UniCode/ohtu/palautusrepositorio/viikko3/web-login/src/tests">
<suite id="s1-s1" name="Home" source="/Users/ismo/UniCode/ohtu/palautusrepositorio/viikko3/web-login/src/tests/home.robot">
<kw name="Open And Configure Browser" library="resource" type="SETUP">
<kw name="Evaluate" library="BuiltIn">
<var>${options}</var>
<arg>sys.modules['selenium.webdriver'].ChromeOptions()</arg>
<arg>sys</arg>
<doc>Evaluates the given expression in Python and returns the result.</doc>
<msg timestamp="20231120 01:23:34.245" level="INFO">${options} = &lt;selenium.webdriver.chrome.options.Options object at 0x104a92f50&gt;</msg>
<status status="PASS" starttime="20231120 01:23:34.245" endtime="20231120 01:23:34.245"/>
</kw>
<kw name="Call Method" library="BuiltIn">
<arg>${options}</arg>
<arg>add_argument</arg>
<arg>--no-sandbox</arg>
<doc>Calls the named method of the given object with the provided arguments.</doc>
<status status="PASS" starttime="20231120 01:23:34.245" endtime="20231120 01:23:34.245"/>
</kw>
<kw name="Open Browser" library="SeleniumLibrary">
<arg>browser=chrome</arg>
<arg>options=${options}</arg>
<doc>Opens a new browser instance to the optional ``url``.</doc>
<msg timestamp="20231120 01:23:34.246" level="INFO">Opening browser 'chrome' to base url 'None'.</msg>
<status status="PASS" starttime="20231120 01:23:34.245" endtime="20231120 01:23:36.309"/>
</kw>
<kw name="Set Selenium Speed" library="SeleniumLibrary">
<arg>${DELAY}</arg>
<doc>Sets the delay that is waited after each Selenium command.</doc>
<status status="PASS" starttime="20231120 01:23:36.310" endtime="20231120 01:23:36.310"/>
</kw>
<status status="PASS" starttime="20231120 01:23:34.245" endtime="20231120 01:23:36.310"/>
</kw>
<test id="s1-s1-t1" name="Click Login Link" line="8">
<kw name="Go To Starting Page" library="resource" type="SETUP">
<kw name="Go To" library="SeleniumLibrary">
<arg>${HOME_URL}</arg>
<doc>Navigates the current browser window to the provided ``url``.</doc>
<msg timestamp="20231120 01:23:36.311" level="INFO">Opening url 'http://localhost:5001'</msg>
<status status="PASS" starttime="20231120 01:23:36.311" endtime="20231120 01:23:36.459"/>
</kw>
<status status="PASS" starttime="20231120 01:23:36.311" endtime="20231120 01:23:36.459"/>
</kw>
<kw name="Click Link" library="SeleniumLibrary">
<arg>Login</arg>
<doc>Clicks a link identified by ``locator``.</doc>
<msg timestamp="20231120 01:23:36.460" level="INFO">Clicking link 'Login'.</msg>
<status status="PASS" starttime="20231120 01:23:36.459" endtime="20231120 01:23:36.844"/>
</kw>
<kw name="Login Page Should Be Open" library="resource">
<kw name="Title Should Be" library="SeleniumLibrary">
<arg>Login</arg>
<doc>Verifies that the current page title equals ``title``.</doc>
<msg timestamp="20231120 01:23:36.951" level="INFO">Page title is 'Login'.</msg>
<status status="PASS" starttime="20231120 01:23:36.845" endtime="20231120 01:23:36.951"/>
</kw>
<status status="PASS" starttime="20231120 01:23:36.844" endtime="20231120 01:23:36.951"/>
</kw>
<status status="PASS" starttime="20231120 01:23:36.310" endtime="20231120 01:23:36.951"/>
</test>
<test id="s1-s1-t2" name="Click Register Link" line="12">
<kw name="Go To Starting Page" library="resource" type="SETUP">
<kw name="Go To" library="SeleniumLibrary">
<arg>${HOME_URL}</arg>
<doc>Navigates the current browser window to the provided ``url``.</doc>
<msg timestamp="20231120 01:23:36.952" level="INFO">Opening url 'http://localhost:5001'</msg>
<status status="PASS" starttime="20231120 01:23:36.952" endtime="20231120 01:23:37.071"/>
</kw>
<status status="PASS" starttime="20231120 01:23:36.952" endtime="20231120 01:23:37.071"/>
</kw>
<kw name="Click Link" library="SeleniumLibrary">
<arg>Register new user</arg>
<doc>Clicks a link identified by ``locator``.</doc>
<msg timestamp="20231120 01:23:37.072" level="INFO">Clicking link 'Register new user'.</msg>
<status status="PASS" starttime="20231120 01:23:37.071" endtime="20231120 01:23:37.473"/>
</kw>
<kw name="Register Page Should Be Open" library="resource">
<kw name="Title Should Be" library="SeleniumLibrary">
<arg>Register</arg>
<doc>Verifies that the current page title equals ``title``.</doc>
<msg timestamp="20231120 01:23:37.583" level="INFO">Page title is 'Register'.</msg>
<status status="PASS" starttime="20231120 01:23:37.473" endtime="20231120 01:23:37.584"/>
</kw>
<status status="PASS" starttime="20231120 01:23:37.473" endtime="20231120 01:23:37.584"/>
</kw>
<status status="PASS" starttime="20231120 01:23:36.952" endtime="20231120 01:23:37.585"/>
</test>
<kw name="Close Browser" library="SeleniumLibrary" type="TEARDOWN">
<doc>Closes the current browser.</doc>
<status status="PASS" starttime="20231120 01:23:37.587" endtime="20231120 01:23:37.758"/>
</kw>
<status status="PASS" starttime="20231120 01:23:34.178" endtime="20231120 01:23:37.758"/>
</suite>
<suite id="s1-s2" name="Login" source="/Users/ismo/UniCode/ohtu/palautusrepositorio/viikko3/web-login/src/tests/login.robot">
<kw name="Open And Configure Browser" library="resource" type="SETUP">
<kw name="Evaluate" library="BuiltIn">
<var>${options}</var>
<arg>sys.modules['selenium.webdriver'].ChromeOptions()</arg>
<arg>sys</arg>
<doc>Evaluates the given expression in Python and returns the result.</doc>
<msg timestamp="20231120 01:23:37.771" level="INFO">${options} = &lt;selenium.webdriver.chrome.options.Options object at 0x104c3df10&gt;</msg>
<status status="PASS" starttime="20231120 01:23:37.770" endtime="20231120 01:23:37.771"/>
</kw>
<kw name="Call Method" library="BuiltIn">
<arg>${options}</arg>
<arg>add_argument</arg>
<arg>--no-sandbox</arg>
<doc>Calls the named method of the given object with the provided arguments.</doc>
<status status="PASS" starttime="20231120 01:23:37.771" endtime="20231120 01:23:37.771"/>
</kw>
<kw name="Open Browser" library="SeleniumLibrary">
<arg>browser=chrome</arg>
<arg>options=${options}</arg>
<doc>Opens a new browser instance to the optional ``url``.</doc>
<msg timestamp="20231120 01:23:37.771" level="INFO">Opening browser 'chrome' to base url 'None'.</msg>
<status status="PASS" starttime="20231120 01:23:37.771" endtime="20231120 01:23:40.473"/>
</kw>
<kw name="Set Selenium Speed" library="SeleniumLibrary">
<arg>${DELAY}</arg>
<doc>Sets the delay that is waited after each Selenium command.</doc>
<status status="PASS" starttime="20231120 01:23:40.473" endtime="20231120 01:23:40.473"/>
</kw>
<status status="PASS" starttime="20231120 01:23:37.770" endtime="20231120 01:23:40.473"/>
</kw>
<test id="s1-s2-t1" name="Login With Correct Credentials" line="8">
<kw name="Create User And Go To Login Page" type="SETUP">
<kw name="Create User" library="AppLibrary">
<arg>kalle</arg>
<arg>kalle123</arg>
<status status="PASS" starttime="20231120 01:23:40.474" endtime="20231120 01:23:40.496"/>
</kw>
<kw name="Go To Login Page" library="resource">
<kw name="Go To" library="SeleniumLibrary">
<arg>${LOGIN_URL}</arg>
<doc>Navigates the current browser window to the provided ``url``.</doc>
<msg timestamp="20231120 01:23:40.496" level="INFO">Opening url 'http://localhost:5001/login'</msg>
<status status="PASS" starttime="20231120 01:23:40.496" endtime="20231120 01:23:40.633"/>
</kw>
<status status="PASS" starttime="20231120 01:23:40.496" endtime="20231120 01:23:40.633"/>
</kw>
<kw name="Login Page Should Be Open" library="resource">
<kw name="Title Should Be" library="SeleniumLibrary">
<arg>Login</arg>
<doc>Verifies that the current page title equals ``title``.</doc>
<msg timestamp="20231120 01:23:40.737" level="INFO">Page title is 'Login'.</msg>
<status status="PASS" starttime="20231120 01:23:40.633" endtime="20231120 01:23:40.737"/>
</kw>
<status status="PASS" starttime="20231120 01:23:40.633" endtime="20231120 01:23:40.737"/>
</kw>
<status status="PASS" starttime="20231120 01:23:40.474" endtime="20231120 01:23:40.737"/>
</kw>
<kw name="Set Username">
<arg>kalle</arg>
<kw name="Input Text" library="SeleniumLibrary">
<arg>username</arg>
<arg>${username}</arg>
<doc>Types the given ``text`` into the text field identified by ``locator``.</doc>
<msg timestamp="20231120 01:23:40.739" level="INFO">Typing text 'kalle' into text field 'username'.</msg>
<status status="PASS" starttime="20231120 01:23:40.738" endtime="20231120 01:23:41.147"/>
</kw>
<status status="PASS" starttime="20231120 01:23:40.738" endtime="20231120 01:23:41.147"/>
</kw>
<kw name="Set Password">
<arg>kalle123</arg>
<kw name="Input Password" library="SeleniumLibrary">
<arg>password</arg>
<arg>${password}</arg>
<doc>Types the given password into the text field identified by ``locator``.</doc>
<msg timestamp="20231120 01:23:41.148" level="INFO">Typing password into text field 'password'.</msg>
<msg timestamp="20231120 01:23:41.379" level="INFO">Temporally setting log level to: NONE</msg>
<msg timestamp="20231120 01:23:41.579" level="INFO">Log level changed from NONE to INFO.</msg>
<status status="PASS" starttime="20231120 01:23:41.148" endtime="20231120 01:23:41.579"/>
</kw>
<status status="PASS" starttime="20231120 01:23:41.147" endtime="20231120 01:23:41.579"/>
</kw>
<kw name="Submit Credentials">
<kw name="Click Button" library="SeleniumLibrary">
<arg>Login</arg>
<doc>Clicks the button identified by ``locator``.</doc>
<msg timestamp="20231120 01:23:41.580" level="INFO">Clicking button 'Login'.</msg>
<status status="PASS" starttime="20231120 01:23:41.579" endtime="20231120 01:23:42.052"/>
</kw>
<status status="PASS" starttime="20231120 01:23:41.579" endtime="20231120 01:23:42.053"/>
</kw>
<kw name="Login Should Succeed">
<kw name="Main Page Should Be Open" library="resource">
<kw name="Title Should Be" library="SeleniumLibrary">
<arg>Ohtu Application main page</arg>
<doc>Verifies that the current page title equals ``title``.</doc>
<msg timestamp="20231120 01:23:42.162" level="INFO">Page title is 'Ohtu Application main page'.</msg>
<status status="PASS" starttime="20231120 01:23:42.053" endtime="20231120 01:23:42.162"/>
</kw>
<status status="PASS" starttime="20231120 01:23:42.053" endtime="20231120 01:23:42.162"/>
</kw>
<status status="PASS" starttime="20231120 01:23:42.053" endtime="20231120 01:23:42.162"/>
</kw>
<status status="PASS" starttime="20231120 01:23:40.474" endtime="20231120 01:23:42.162"/>
</test>
<test id="s1-s2-t2" name="Login With Incorrect Password" line="14">
<kw name="Create User And Go To Login Page" type="SETUP">
<kw name="Create User" library="AppLibrary">
<arg>kalle</arg>
<arg>kalle123</arg>
<status status="PASS" starttime="20231120 01:23:42.163" endtime="20231120 01:23:42.176"/>
</kw>
<kw name="Go To Login Page" library="resource">
<kw name="Go To" library="SeleniumLibrary">
<arg>${LOGIN_URL}</arg>
<doc>Navigates the current browser window to the provided ``url``.</doc>
<msg timestamp="20231120 01:23:42.177" level="INFO">Opening url 'http://localhost:5001/login'</msg>
<status status="PASS" starttime="20231120 01:23:42.176" endtime="20231120 01:23:42.301"/>
</kw>
<status status="PASS" starttime="20231120 01:23:42.176" endtime="20231120 01:23:42.301"/>
</kw>
<kw name="Login Page Should Be Open" library="resource">
<kw name="Title Should Be" library="SeleniumLibrary">
<arg>Login</arg>
<doc>Verifies that the current page title equals ``title``.</doc>
<msg timestamp="20231120 01:23:42.411" level="INFO">Page title is 'Login'.</msg>
<status status="PASS" starttime="20231120 01:23:42.302" endtime="20231120 01:23:42.411"/>
</kw>
<status status="PASS" starttime="20231120 01:23:42.301" endtime="20231120 01:23:42.411"/>
</kw>
<status status="PASS" starttime="20231120 01:23:42.163" endtime="20231120 01:23:42.411"/>
</kw>
<kw name="Set Username">
<arg>kalle</arg>
<kw name="Input Text" library="SeleniumLibrary">
<arg>username</arg>
<arg>${username}</arg>
<doc>Types the given ``text`` into the text field identified by ``locator``.</doc>
<msg timestamp="20231120 01:23:42.414" level="INFO">Typing text 'kalle' into text field 'username'.</msg>
<status status="PASS" starttime="20231120 01:23:42.413" endtime="20231120 01:23:42.799"/>
</kw>
<status status="PASS" starttime="20231120 01:23:42.412" endtime="20231120 01:23:42.799"/>
</kw>
<kw name="Set Password">
<arg>kalle456</arg>
<kw name="Input Password" library="SeleniumLibrary">
<arg>password</arg>
<arg>${password}</arg>
<doc>Types the given password into the text field identified by ``locator``.</doc>
<msg timestamp="20231120 01:23:42.800" level="INFO">Typing password into text field 'password'.</msg>
<msg timestamp="20231120 01:23:43.033" level="INFO">Temporally setting log level to: NONE</msg>
<msg timestamp="20231120 01:23:43.180" level="INFO">Log level changed from NONE to INFO.</msg>
<status status="PASS" starttime="20231120 01:23:42.800" endtime="20231120 01:23:43.181"/>
</kw>
<status status="PASS" starttime="20231120 01:23:42.800" endtime="20231120 01:23:43.181"/>
</kw>
<kw name="Submit Credentials">
<kw name="Click Button" library="SeleniumLibrary">
<arg>Login</arg>
<doc>Clicks the button identified by ``locator``.</doc>
<msg timestamp="20231120 01:23:43.185" level="INFO">Clicking button 'Login'.</msg>
<status status="PASS" starttime="20231120 01:23:43.184" endtime="20231120 01:23:43.707"/>
</kw>
<status status="PASS" starttime="20231120 01:23:43.182" endtime="20231120 01:23:43.707"/>
</kw>
<kw name="Login Should Fail With Message">
<arg>Invalid username or password</arg>
<kw name="Login Page Should Be Open" library="resource">
<kw name="Title Should Be" library="SeleniumLibrary">
<arg>Login</arg>
<doc>Verifies that the current page title equals ``title``.</doc>
<msg timestamp="20231120 01:23:43.821" level="INFO">Page title is 'Login'.</msg>
<status status="PASS" starttime="20231120 01:23:43.708" endtime="20231120 01:23:43.822"/>
</kw>
<status status="PASS" starttime="20231120 01:23:43.708" endtime="20231120 01:23:43.822"/>
</kw>
<kw name="Page Should Contain" library="SeleniumLibrary">
<arg>${message}</arg>
<doc>Verifies that current page contains ``text``.</doc>
<msg timestamp="20231120 01:23:44.072" level="INFO">Current page contains text 'Invalid username or password'.</msg>
<status status="PASS" starttime="20231120 01:23:43.823" endtime="20231120 01:23:44.072"/>
</kw>
<status status="PASS" starttime="20231120 01:23:43.708" endtime="20231120 01:23:44.072"/>
</kw>
<status status="PASS" starttime="20231120 01:23:42.163" endtime="20231120 01:23:44.073"/>
</test>
<test id="s1-s2-t3" name="Login With Nonexistent Username" line="20">
<kw name="Create User And Go To Login Page" type="SETUP">
<kw name="Create User" library="AppLibrary">
<arg>kalle</arg>
<arg>kalle123</arg>
<status status="PASS" starttime="20231120 01:23:44.077" endtime="20231120 01:23:44.108"/>
</kw>
<kw name="Go To Login Page" library="resource">
<kw name="Go To" library="SeleniumLibrary">
<arg>${LOGIN_URL}</arg>
<doc>Navigates the current browser window to the provided ``url``.</doc>
<msg timestamp="20231120 01:23:44.108" level="INFO">Opening url 'http://localhost:5001/login'</msg>
<status status="PASS" starttime="20231120 01:23:44.108" endtime="20231120 01:23:44.230"/>
</kw>
<status status="PASS" starttime="20231120 01:23:44.108" endtime="20231120 01:23:44.231"/>
</kw>
<kw name="Login Page Should Be Open" library="resource">
<kw name="Title Should Be" library="SeleniumLibrary">
<arg>Login</arg>
<doc>Verifies that the current page title equals ``title``.</doc>
<msg timestamp="20231120 01:23:44.347" level="INFO">Page title is 'Login'.</msg>
<status status="PASS" starttime="20231120 01:23:44.232" endtime="20231120 01:23:44.347"/>
</kw>
<status status="PASS" starttime="20231120 01:23:44.231" endtime="20231120 01:23:44.347"/>
</kw>
<status status="PASS" starttime="20231120 01:23:44.076" endtime="20231120 01:23:44.347"/>
</kw>
<kw name="Set Username">
<arg>nonexistent</arg>
<kw name="Input Text" library="SeleniumLibrary">
<arg>username</arg>
<arg>${username}</arg>
<doc>Types the given ``text`` into the text field identified by ``locator``.</doc>
<msg timestamp="20231120 01:23:44.351" level="INFO">Typing text 'nonexistent' into text field 'username'.</msg>
<status status="PASS" starttime="20231120 01:23:44.348" endtime="20231120 01:23:44.773"/>
</kw>
<status status="PASS" starttime="20231120 01:23:44.348" endtime="20231120 01:23:44.774"/>
</kw>
<kw name="Set Password">
<arg>password</arg>
<kw name="Input Password" library="SeleniumLibrary">
<arg>password</arg>
<arg>${password}</arg>
<doc>Types the given password into the text field identified by ``locator``.</doc>
<msg timestamp="20231120 01:23:44.776" level="INFO">Typing password into text field 'password'.</msg>
<msg timestamp="20231120 01:23:45.034" level="INFO">Temporally setting log level to: NONE</msg>
<msg timestamp="20231120 01:23:45.194" level="INFO">Log level changed from NONE to INFO.</msg>
<status status="PASS" starttime="20231120 01:23:44.775" endtime="20231120 01:23:45.194"/>
</kw>
<status status="PASS" starttime="20231120 01:23:44.774" endtime="20231120 01:23:45.194"/>
</kw>
<kw name="Submit Credentials">
<kw name="Click Button" library="SeleniumLibrary">
<arg>Login</arg>
<doc>Clicks the button identified by ``locator``.</doc>
<msg timestamp="20231120 01:23:45.198" level="INFO">Clicking button 'Login'.</msg>
<status status="PASS" starttime="20231120 01:23:45.195" endtime="20231120 01:23:45.680"/>
</kw>
<status status="PASS" starttime="20231120 01:23:45.195" endtime="20231120 01:23:45.680"/>
</kw>
<kw name="Login Should Fail With Message">
<arg>Invalid username or password</arg>
<kw name="Login Page Should Be Open" library="resource">
<kw name="Title Should Be" library="SeleniumLibrary">
<arg>Login</arg>
<doc>Verifies that the current page title equals ``title``.</doc>
<msg timestamp="20231120 01:23:45.787" level="INFO">Page title is 'Login'.</msg>
<status status="PASS" starttime="20231120 01:23:45.681" endtime="20231120 01:23:45.787"/>
</kw>
<status status="PASS" starttime="20231120 01:23:45.681" endtime="20231120 01:23:45.788"/>
</kw>
<kw name="Page Should Contain" library="SeleniumLibrary">
<arg>${message}</arg>
<doc>Verifies that current page contains ``text``.</doc>
<msg timestamp="20231120 01:23:46.018" level="INFO">Current page contains text 'Invalid username or password'.</msg>
<status status="PASS" starttime="20231120 01:23:45.788" endtime="20231120 01:23:46.019"/>
</kw>
<status status="PASS" starttime="20231120 01:23:45.680" endtime="20231120 01:23:46.019"/>
</kw>
<status status="PASS" starttime="20231120 01:23:44.074" endtime="20231120 01:23:46.019"/>
</test>
<kw name="Close Browser" library="SeleniumLibrary" type="TEARDOWN">
<doc>Closes the current browser.</doc>
<status status="PASS" starttime="20231120 01:23:46.022" endtime="20231120 01:23:46.194"/>
</kw>
<status status="PASS" starttime="20231120 01:23:37.760" endtime="20231120 01:23:46.195"/>
</suite>
<suite id="s1-s3" name="Register" source="/Users/ismo/UniCode/ohtu/palautusrepositorio/viikko3/web-login/src/tests/register.robot">
<kw name="Open And Configure Browser" library="resource" type="SETUP">
<kw name="Evaluate" library="BuiltIn">
<var>${options}</var>
<arg>sys.modules['selenium.webdriver'].ChromeOptions()</arg>
<arg>sys</arg>
<doc>Evaluates the given expression in Python and returns the result.</doc>
<msg timestamp="20231120 01:23:46.210" level="INFO">${options} = &lt;selenium.webdriver.chrome.options.Options object at 0x104b52cd0&gt;</msg>
<status status="PASS" starttime="20231120 01:23:46.210" endtime="20231120 01:23:46.210"/>
</kw>
<kw name="Call Method" library="BuiltIn">
<arg>${options}</arg>
<arg>add_argument</arg>
<arg>--no-sandbox</arg>
<doc>Calls the named method of the given object with the provided arguments.</doc>
<status status="PASS" starttime="20231120 01:23:46.211" endtime="20231120 01:23:46.211"/>
</kw>
<kw name="Open Browser" library="SeleniumLibrary">
<arg>browser=chrome</arg>
<arg>options=${options}</arg>
<doc>Opens a new browser instance to the optional ``url``.</doc>
<msg timestamp="20231120 01:23:46.211" level="INFO">Opening browser 'chrome' to base url 'None'.</msg>
<status status="PASS" starttime="20231120 01:23:46.211" endtime="20231120 01:23:49.329"/>
</kw>
<kw name="Set Selenium Speed" library="SeleniumLibrary">
<arg>${DELAY}</arg>
<doc>Sets the delay that is waited after each Selenium command.</doc>
<status status="PASS" starttime="20231120 01:23:49.329" endtime="20231120 01:23:49.330"/>
</kw>
<status status="PASS" starttime="20231120 01:23:46.210" endtime="20231120 01:23:49.330"/>
</kw>
<test id="s1-s3-t1" name="Register With Valid Username And Password" line="8">
<kw name="Go To Register Page" library="resource" type="SETUP">
<kw name="Go To" library="SeleniumLibrary">
<arg>${REGISTER_URL}</arg>
<doc>Navigates the current browser window to the provided ``url``.</doc>
<msg timestamp="20231120 01:23:49.330" level="INFO">Opening url 'http://localhost:5001/register'</msg>
<status status="PASS" starttime="20231120 01:23:49.330" endtime="20231120 01:23:49.476"/>
</kw>
<status status="PASS" starttime="20231120 01:23:49.330" endtime="20231120 01:23:49.476"/>
</kw>
<kw name="Set Username">
<arg>kallek</arg>
<kw name="Input Text" library="SeleniumLibrary">
<arg>username</arg>
<arg>${username}</arg>
<doc>Types the given ``text`` into the text field identified by ``locator``.</doc>
<msg timestamp="20231120 01:23:49.477" level="INFO">Typing text 'kallek' into text field 'username'.</msg>
<status status="PASS" starttime="20231120 01:23:49.476" endtime="20231120 01:23:49.904"/>
</kw>
<status status="PASS" starttime="20231120 01:23:49.476" endtime="20231120 01:23:49.904"/>
</kw>
<kw name="Set Password">
<arg>kalle123</arg>
<kw name="Input Password" library="SeleniumLibrary">
<arg>password</arg>
<arg>${password}</arg>
<doc>Types the given password into the text field identified by ``locator``.</doc>
<msg timestamp="20231120 01:23:49.905" level="INFO">Typing password into text field 'password'.</msg>
<msg timestamp="20231120 01:23:50.135" level="INFO">Temporally setting log level to: NONE</msg>
<msg timestamp="20231120 01:23:50.337" level="INFO">Log level changed from NONE to INFO.</msg>
<status status="PASS" starttime="20231120 01:23:49.905" endtime="20231120 01:23:50.337"/>
</kw>
<kw name="Input Password" library="SeleniumLibrary">
<arg>password_confirmation</arg>
<arg>${password}</arg>
<doc>Types the given password into the text field identified by ``locator``.</doc>
<msg timestamp="20231120 01:23:50.338" level="INFO">Typing password into text field 'password_confirmation'.</msg>
<msg timestamp="20231120 01:23:50.579" level="INFO">Temporally setting log level to: NONE</msg>
<msg timestamp="20231120 01:23:50.704" level="INFO">Log level changed from NONE to INFO.</msg>
<status status="PASS" starttime="20231120 01:23:50.337" endtime="20231120 01:23:50.704"/>
</kw>
<status status="PASS" starttime="20231120 01:23:49.905" endtime="20231120 01:23:50.704"/>
</kw>
<kw name="Register">
<kw name="Click Button" library="SeleniumLibrary">
<arg>Register</arg>
<doc>Clicks the button identified by ``locator``.</doc>
<msg timestamp="20231120 01:23:50.705" level="INFO">Clicking button 'Register'.</msg>
<status status="PASS" starttime="20231120 01:23:50.704" endtime="20231120 01:23:51.198"/>
</kw>
<status status="PASS" starttime="20231120 01:23:50.704" endtime="20231120 01:23:51.198"/>
</kw>
<kw name="Register Should Succeed">
<kw name="Successful Register Page Should Be Open" library="resource">
<kw name="Title Should Be" library="SeleniumLibrary">
<arg>Welcome to Ohtu Application!</arg>
<doc>Verifies that the current page title equals ``title``.</doc>
<msg timestamp="20231120 01:23:51.305" level="INFO">Page title is 'Welcome to Ohtu Application!'.</msg>
<status status="PASS" starttime="20231120 01:23:51.199" endtime="20231120 01:23:51.305"/>
</kw>
<status status="PASS" starttime="20231120 01:23:51.199" endtime="20231120 01:23:51.305"/>
</kw>
<status status="PASS" starttime="20231120 01:23:51.199" endtime="20231120 01:23:51.305"/>
</kw>
<status status="PASS" starttime="20231120 01:23:49.330" endtime="20231120 01:23:51.306"/>
</test>
<test id="s1-s3-t2" name="Register With Too Short Username And Valid Password" line="14">
<kw name="Go To Register Page" library="resource" type="SETUP">
<kw name="Go To" library="SeleniumLibrary">
<arg>${REGISTER_URL}</arg>
<doc>Navigates the current browser window to the provided ``url``.</doc>
<msg timestamp="20231120 01:23:51.307" level="INFO">Opening url 'http://localhost:5001/register'</msg>
<status status="PASS" starttime="20231120 01:23:51.307" endtime="20231120 01:23:51.431"/>
</kw>
<status status="PASS" starttime="20231120 01:23:51.307" endtime="20231120 01:23:51.431"/>
</kw>
<kw name="Set Username">
<arg>k</arg>
<kw name="Input Text" library="SeleniumLibrary">
<arg>username</arg>
<arg>${username}</arg>
<doc>Types the given ``text`` into the text field identified by ``locator``.</doc>
<msg timestamp="20231120 01:23:51.432" level="INFO">Typing text 'k' into text field 'username'.</msg>
<status status="PASS" starttime="20231120 01:23:51.432" endtime="20231120 01:23:51.802"/>
</kw>
<status status="PASS" starttime="20231120 01:23:51.431" endtime="20231120 01:23:51.802"/>
</kw>
<kw name="Set Password">
<arg>kalle123</arg>
<kw name="Input Password" library="SeleniumLibrary">
<arg>password</arg>
<arg>${password}</arg>
<doc>Types the given password into the text field identified by ``locator``.</doc>
<msg timestamp="20231120 01:23:51.804" level="INFO">Typing password into text field 'password'.</msg>
<msg timestamp="20231120 01:23:52.040" level="INFO">Temporally setting log level to: NONE</msg>
<msg timestamp="20231120 01:23:52.174" level="INFO">Log level changed from NONE to INFO.</msg>
<status status="PASS" starttime="20231120 01:23:51.803" endtime="20231120 01:23:52.174"/>
</kw>
<kw name="Input Password" library="SeleniumLibrary">
<arg>password_confirmation</arg>
<arg>${password}</arg>
<doc>Types the given password into the text field identified by ``locator``.</doc>
<msg timestamp="20231120 01:23:52.175" level="INFO">Typing password into text field 'password_confirmation'.</msg>
<msg timestamp="20231120 01:23:52.414" level="INFO">Temporally setting log level to: NONE</msg>
<msg timestamp="20231120 01:23:52.555" level="INFO">Log level changed from NONE to INFO.</msg>
<status status="PASS" starttime="20231120 01:23:52.175" endtime="20231120 01:23:52.555"/>
</kw>
<status status="PASS" starttime="20231120 01:23:51.802" endtime="20231120 01:23:52.555"/>
</kw>
<kw name="Register">
<kw name="Click Button" library="SeleniumLibrary">
<arg>Register</arg>
<doc>Clicks the button identified by ``locator``.</doc>
<msg timestamp="20231120 01:23:52.556" level="INFO">Clicking button 'Register'.</msg>
<status status="PASS" starttime="20231120 01:23:52.555" endtime="20231120 01:23:53.023"/>
</kw>
<status status="PASS" starttime="20231120 01:23:52.555" endtime="20231120 01:23:53.023"/>
</kw>
<kw name="Register Should Not Succeed">
<kw name="Register Page Should Be Open" library="resource">
<kw name="Title Should Be" library="SeleniumLibrary">
<arg>Register</arg>
<doc>Verifies that the current page title equals ``title``.</doc>
<msg timestamp="20231120 01:23:53.127" level="INFO">Page title is 'Register'.</msg>
<status status="PASS" starttime="20231120 01:23:53.023" endtime="20231120 01:23:53.128"/>
</kw>
<status status="PASS" starttime="20231120 01:23:53.023" endtime="20231120 01:23:53.128"/>
</kw>
<status status="PASS" starttime="20231120 01:23:53.023" endtime="20231120 01:23:53.128"/>
</kw>
<status status="PASS" starttime="20231120 01:23:51.306" endtime="20231120 01:23:53.128"/>
</test>
<test id="s1-s3-t3" name="Register With Valid Username And Invalid Password" line="20">
<kw name="Go To Register Page" library="resource" type="SETUP">
<kw name="Go To" library="SeleniumLibrary">
<arg>${REGISTER_URL}</arg>
<doc>Navigates the current browser window to the provided ``url``.</doc>
<msg timestamp="20231120 01:23:53.129" level="INFO">Opening url 'http://localhost:5001/register'</msg>
<status status="PASS" starttime="20231120 01:23:53.129" endtime="20231120 01:23:53.245"/>
</kw>
<status status="PASS" starttime="20231120 01:23:53.128" endtime="20231120 01:23:53.246"/>
</kw>
<kw name="Set Username">
<arg>kalleka</arg>
<kw name="Input Text" library="SeleniumLibrary">
<arg>username</arg>
<arg>${username}</arg>
<doc>Types the given ``text`` into the text field identified by ``locator``.</doc>
<msg timestamp="20231120 01:23:53.246" level="INFO">Typing text 'kalleka' into text field 'username'.</msg>
<status status="PASS" starttime="20231120 01:23:53.246" endtime="20231120 01:23:53.627"/>
</kw>
<status status="PASS" starttime="20231120 01:23:53.246" endtime="20231120 01:23:53.627"/>
</kw>
<kw name="Set Password">
<arg>k</arg>
<kw name="Input Password" library="SeleniumLibrary">
<arg>password</arg>
<arg>${password}</arg>
<doc>Types the given password into the text field identified by ``locator``.</doc>
<msg timestamp="20231120 01:23:53.628" level="INFO">Typing password into text field 'password'.</msg>
<msg timestamp="20231120 01:23:53.870" level="INFO">Temporally setting log level to: NONE</msg>
<msg timestamp="20231120 01:23:54.012" level="INFO">Log level changed from NONE to INFO.</msg>
<status status="PASS" starttime="20231120 01:23:53.627" endtime="20231120 01:23:54.012"/>
</kw>
<kw name="Input Password" library="SeleniumLibrary">
<arg>password_confirmation</arg>
<arg>${password}</arg>
<doc>Types the given password into the text field identified by ``locator``.</doc>
<msg timestamp="20231120 01:23:54.013" level="INFO">Typing password into text field 'password_confirmation'.</msg>
<msg timestamp="20231120 01:23:54.255" level="INFO">Temporally setting log level to: NONE</msg>
<msg timestamp="20231120 01:23:54.390" level="INFO">Log level changed from NONE to INFO.</msg>
<status status="PASS" starttime="20231120 01:23:54.012" endtime="20231120 01:23:54.391"/>
</kw>
<status status="PASS" starttime="20231120 01:23:53.627" endtime="20231120 01:23:54.391"/>
</kw>
<kw name="Register">
<kw name="Click Button" library="SeleniumLibrary">
<arg>Register</arg>
<doc>Clicks the button identified by ``locator``.</doc>
<msg timestamp="20231120 01:23:54.392" level="INFO">Clicking button 'Register'.</msg>
<status status="PASS" starttime="20231120 01:23:54.391" endtime="20231120 01:23:54.871"/>
</kw>
<status status="PASS" starttime="20231120 01:23:54.391" endtime="20231120 01:23:54.872"/>
</kw>
<kw name="Register Should Not Succeed">
<kw name="Register Page Should Be Open" library="resource">
<kw name="Title Should Be" library="SeleniumLibrary">
<arg>Register</arg>
<doc>Verifies that the current page title equals ``title``.</doc>
<msg timestamp="20231120 01:23:54.979" level="INFO">Page title is 'Register'.</msg>
<status status="PASS" starttime="20231120 01:23:54.872" endtime="20231120 01:23:54.979"/>
</kw>
<status status="PASS" starttime="20231120 01:23:54.872" endtime="20231120 01:23:54.979"/>
</kw>
<status status="PASS" starttime="20231120 01:23:54.872" endtime="20231120 01:23:54.979"/>
</kw>
<status status="PASS" starttime="20231120 01:23:53.128" endtime="20231120 01:23:54.980"/>
</test>
<test id="s1-s3-t4" name="Register With Nonmatching Password And Password Confirmation" line="26">
<kw name="Go To Register Page" library="resource" type="SETUP">
<kw name="Go To" library="SeleniumLibrary">
<arg>${REGISTER_URL}</arg>
<doc>Navigates the current browser window to the provided ``url``.</doc>
<msg timestamp="20231120 01:23:54.982" level="INFO">Opening url 'http://localhost:5001/register'</msg>
<status status="PASS" starttime="20231120 01:23:54.981" endtime="20231120 01:23:55.101"/>
</kw>
<status status="PASS" starttime="20231120 01:23:54.981" endtime="20231120 01:23:55.101"/>
</kw>
<kw name="Set Username">
<arg>kallekal</arg>
<kw name="Input Text" library="SeleniumLibrary">
<arg>username</arg>
<arg>${username}</arg>
<doc>Types the given ``text`` into the text field identified by ``locator``.</doc>
<msg timestamp="20231120 01:23:55.103" level="INFO">Typing text 'kallekal' into text field 'username'.</msg>
<status status="PASS" starttime="20231120 01:23:55.102" endtime="20231120 01:23:55.484"/>
</kw>
<status status="PASS" starttime="20231120 01:23:55.101" endtime="20231120 01:23:55.484"/>
</kw>
<kw name="Input Password" library="SeleniumLibrary">
<arg>password</arg>
<arg>password123</arg>
<doc>Types the given password into the text field identified by ``locator``.</doc>
<msg timestamp="20231120 01:23:55.485" level="INFO">Typing password into text field 'password'.</msg>
<msg timestamp="20231120 01:23:55.717" level="INFO">Temporally setting log level to: NONE</msg>
<msg timestamp="20231120 01:23:55.853" level="INFO">Log level changed from NONE to INFO.</msg>
<status status="PASS" starttime="20231120 01:23:55.484" endtime="20231120 01:23:55.853"/>
</kw>
<kw name="Input Password" library="SeleniumLibrary">
<arg>password_confirmation</arg>
<arg>k</arg>
<doc>Types the given password into the text field identified by ``locator``.</doc>
<msg timestamp="20231120 01:23:55.854" level="INFO">Typing password into text field 'password_confirmation'.</msg>
<msg timestamp="20231120 01:23:56.093" level="INFO">Temporally setting log level to: NONE</msg>
<msg timestamp="20231120 01:23:56.235" level="INFO">Log level changed from NONE to INFO.</msg>
<status status="PASS" starttime="20231120 01:23:55.854" endtime="20231120 01:23:56.235"/>
</kw>
<kw name="Register">
<kw name="Click Button" library="SeleniumLibrary">
<arg>Register</arg>
<doc>Clicks the button identified by ``locator``.</doc>
<msg timestamp="20231120 01:23:56.238" level="INFO">Clicking button 'Register'.</msg>
<status status="PASS" starttime="20231120 01:23:56.237" endtime="20231120 01:23:56.723"/>
</kw>
<status status="PASS" starttime="20231120 01:23:56.236" endtime="20231120 01:23:56.723"/>
</kw>
<kw name="Register Should Not Succeed">
<kw name="Register Page Should Be Open" library="resource">
<kw name="Title Should Be" library="SeleniumLibrary">
<arg>Register</arg>
<doc>Verifies that the current page title equals ``title``.</doc>
<msg timestamp="20231120 01:23:56.828" level="INFO">Page title is 'Register'.</msg>
<status status="PASS" starttime="20231120 01:23:56.724" endtime="20231120 01:23:56.828"/>
</kw>
<status status="PASS" starttime="20231120 01:23:56.723" endtime="20231120 01:23:56.828"/>
</kw>
<status status="PASS" starttime="20231120 01:23:56.723" endtime="20231120 01:23:56.828"/>
</kw>
<status status="PASS" starttime="20231120 01:23:54.980" endtime="20231120 01:23:56.829"/>
</test>
<test id="s1-s3-t5" name="Login After Successful Registration" line="33">
<kw name="Go To Register Page" library="resource" type="SETUP">
<kw name="Go To" library="SeleniumLibrary">
<arg>${REGISTER_URL}</arg>
<doc>Navigates the current browser window to the provided ``url``.</doc>
<msg timestamp="20231120 01:23:56.832" level="INFO">Opening url 'http://localhost:5001/register'</msg>
<status status="PASS" starttime="20231120 01:23:56.831" endtime="20231120 01:23:56.956"/>
</kw>
<status status="PASS" starttime="20231120 01:23:56.831" endtime="20231120 01:23:56.957"/>
</kw>
<kw name="Set Username">
<arg>kallekall</arg>
<kw name="Input Text" library="SeleniumLibrary">
<arg>username</arg>
<arg>${username}</arg>
<doc>Types the given ``text`` into the text field identified by ``locator``.</doc>
<msg timestamp="20231120 01:23:56.957" level="INFO">Typing text 'kallekall' into text field 'username'.</msg>
<status status="PASS" starttime="20231120 01:23:56.957" endtime="20231120 01:23:57.320"/>
</kw>
<status status="PASS" starttime="20231120 01:23:56.957" endtime="20231120 01:23:57.320"/>
</kw>
<kw name="Set Password">
<arg>kalle123</arg>
<kw name="Input Password" library="SeleniumLibrary">
<arg>password</arg>
<arg>${password}</arg>
<doc>Types the given password into the text field identified by ``locator``.</doc>
<msg timestamp="20231120 01:23:57.321" level="INFO">Typing password into text field 'password'.</msg>
<msg timestamp="20231120 01:23:57.562" level="INFO">Temporally setting log level to: NONE</msg>
<msg timestamp="20231120 01:23:57.703" level="INFO">Log level changed from NONE to INFO.</msg>
<status status="PASS" starttime="20231120 01:23:57.321" endtime="20231120 01:23:57.703"/>
</kw>
<kw name="Input Password" library="SeleniumLibrary">
<arg>password_confirmation</arg>
<arg>${password}</arg>
<doc>Types the given password into the text field identified by ``locator``.</doc>
<msg timestamp="20231120 01:23:57.704" level="INFO">Typing password into text field 'password_confirmation'.</msg>
<msg timestamp="20231120 01:23:57.942" level="INFO">Temporally setting log level to: NONE</msg>
<msg timestamp="20231120 01:23:58.084" level="INFO">Log level changed from NONE to INFO.</msg>
<status status="PASS" starttime="20231120 01:23:57.703" endtime="20231120 01:23:58.084"/>
</kw>
<status status="PASS" starttime="20231120 01:23:57.320" endtime="20231120 01:23:58.084"/>
</kw>
<kw name="Register">
<kw name="Click Button" library="SeleniumLibrary">
<arg>Register</arg>
<doc>Clicks the button identified by ``locator``.</doc>
<msg timestamp="20231120 01:23:58.086" level="INFO">Clicking button 'Register'.</msg>
<status status="PASS" starttime="20231120 01:23:58.085" endtime="20231120 01:23:58.563"/>
</kw>
<status status="PASS" starttime="20231120 01:23:58.084" endtime="20231120 01:23:58.563"/>
</kw>
<kw name="Register Should Succeed">
<kw name="Successful Register Page Should Be Open" library="resource">
<kw name="Title Should Be" library="SeleniumLibrary">
<arg>Welcome to Ohtu Application!</arg>
<doc>Verifies that the current page title equals ``title``.</doc>
<msg timestamp="20231120 01:23:58.669" level="INFO">Page title is 'Welcome to Ohtu Application!'.</msg>
<status status="PASS" starttime="20231120 01:23:58.564" endtime="20231120 01:23:58.669"/>
</kw>
<status status="PASS" starttime="20231120 01:23:58.563" endtime="20231120 01:23:58.670"/>
</kw>
<status status="PASS" starttime="20231120 01:23:58.563" endtime="20231120 01:23:58.670"/>
</kw>
<kw name="Click Link" library="SeleniumLibrary">
<arg>Continue to main page</arg>
<doc>Clicks a link identified by ``locator``.</doc>
<msg timestamp="20231120 01:23:58.671" level="INFO">Clicking link 'Continue to main page'.</msg>
<status status="PASS" starttime="20231120 01:23:58.670" endtime="20231120 01:23:59.055"/>
</kw>
<kw name="Click Button" library="SeleniumLibrary">
<arg>Logout</arg>
<doc>Clicks the button identified by ``locator``.</doc>
<msg timestamp="20231120 01:23:59.056" level="INFO">Clicking button 'Logout'.</msg>
<status status="PASS" starttime="20231120 01:23:59.055" endtime="20231120 01:23:59.543"/>
</kw>
<kw name="Go To Login Page" library="resource">
<kw name="Go To" library="SeleniumLibrary">
<arg>${LOGIN_URL}</arg>
<doc>Navigates the current browser window to the provided ``url``.</doc>
<msg timestamp="20231120 01:23:59.544" level="INFO">Opening url 'http://localhost:5001/login'</msg>
<status status="PASS" starttime="20231120 01:23:59.543" endtime="20231120 01:23:59.656"/>
</kw>
<status status="PASS" starttime="20231120 01:23:59.543" endtime="20231120 01:23:59.656"/>
</kw>
<kw name="Set Username">
<arg>kallekall</arg>
<kw name="Input Text" library="SeleniumLibrary">
<arg>username</arg>
<arg>${username}</arg>
<doc>Types the given ``text`` into the text field identified by ``locator``.</doc>
<msg timestamp="20231120 01:23:59.657" level="INFO">Typing text 'kallekall' into text field 'username'.</msg>
<status status="PASS" starttime="20231120 01:23:59.657" endtime="20231120 01:24:00.039"/>
</kw>
<status status="PASS" starttime="20231120 01:23:59.657" endtime="20231120 01:24:00.040"/>
</kw>
<kw name="Set Login Password">
<arg>kalle123</arg>
<kw name="Input Password" library="SeleniumLibrary">
<arg>password</arg>
<arg>${password}</arg>
<doc>Types the given password into the text field identified by ``locator``.</doc>
<msg timestamp="20231120 01:24:00.041" level="INFO">Typing password into text field 'password'.</msg>
<msg timestamp="20231120 01:24:00.282" level="INFO">Temporally setting log level to: NONE</msg>
<msg timestamp="20231120 01:24:00.426" level="INFO">Log level changed from NONE to INFO.</msg>
<status status="PASS" starttime="20231120 01:24:00.040" endtime="20231120 01:24:00.426"/>
</kw>
<status status="PASS" starttime="20231120 01:24:00.040" endtime="20231120 01:24:00.426"/>
</kw>
<kw name="Submit Credentials">
<kw name="Click Button" library="SeleniumLibrary">
<arg>Login</arg>
<doc>Clicks the button identified by ``locator``.</doc>
<msg timestamp="20231120 01:24:00.427" level="INFO">Clicking button 'Login'.</msg>
<status status="PASS" starttime="20231120 01:24:00.427" endtime="20231120 01:24:00.906"/>
</kw>
<status status="PASS" starttime="20231120 01:24:00.426" endtime="20231120 01:24:00.906"/>
</kw>
<kw name="Login Should Succeed">
<kw name="Main Page Should Be Open" library="resource">
<kw name="Title Should Be" library="SeleniumLibrary">
<arg>Ohtu Application main page</arg>
<doc>Verifies that the current page title equals ``title``.</doc>
<msg timestamp="20231120 01:24:01.015" level="INFO">Page title is 'Ohtu Application main page'.</msg>
<status status="PASS" starttime="20231120 01:24:00.907" endtime="20231120 01:24:01.016"/>
</kw>
<status status="PASS" starttime="20231120 01:24:00.907" endtime="20231120 01:24:01.017"/>
</kw>
<status status="PASS" starttime="20231120 01:24:00.907" endtime="20231120 01:24:01.017"/>
</kw>
<status status="PASS" starttime="20231120 01:23:56.830" endtime="20231120 01:24:01.017"/>
</test>
<test id="s1-s3-t6" name="Login After Failed Registration" line="47">
<kw name="Go To Register Page" library="resource" type="SETUP">
<kw name="Go To" library="SeleniumLibrary">
<arg>${REGISTER_URL}</arg>
<doc>Navigates the current browser window to the provided ``url``.</doc>
<msg timestamp="20231120 01:24:01.020" level="INFO">Opening url 'http://localhost:5001/register'</msg>
<status status="PASS" starttime="20231120 01:24:01.019" endtime="20231120 01:24:01.150"/>
</kw>
<status status="PASS" starttime="20231120 01:24:01.019" endtime="20231120 01:24:01.150"/>
</kw>
<kw name="Set Username">
<arg>kallekall1</arg>
<kw name="Input Text" library="SeleniumLibrary">
<arg>username</arg>
<arg>${username}</arg>
<doc>Types the given ``text`` into the text field identified by ``locator``.</doc>
<msg timestamp="20231120 01:24:01.151" level="INFO">Typing text 'kallekall1' into text field 'username'.</msg>
<status status="PASS" starttime="20231120 01:24:01.151" endtime="20231120 01:24:01.539"/>
</kw>
<status status="PASS" starttime="20231120 01:24:01.150" endtime="20231120 01:24:01.539"/>
</kw>
<kw name="Set Password">
<arg>kalle123</arg>
<kw name="Input Password" library="SeleniumLibrary">
<arg>password</arg>
<arg>${password}</arg>
<doc>Types the given password into the text field identified by ``locator``.</doc>
<msg timestamp="20231120 01:24:01.540" level="INFO">Typing password into text field 'password'.</msg>
<msg timestamp="20231120 01:24:01.784" level="INFO">Temporally setting log level to: NONE</msg>
<msg timestamp="20231120 01:24:01.930" level="INFO">Log level changed from NONE to INFO.</msg>
<status status="PASS" starttime="20231120 01:24:01.539" endtime="20231120 01:24:01.930"/>
</kw>
<kw name="Input Password" library="SeleniumLibrary">
<arg>password_confirmation</arg>
<arg>${password}</arg>
<doc>Types the given password into the text field identified by ``locator``.</doc>
<msg timestamp="20231120 01:24:01.930" level="INFO">Typing password into text field 'password_confirmation'.</msg>
<msg timestamp="20231120 01:24:02.157" level="INFO">Temporally setting log level to: NONE</msg>
<msg timestamp="20231120 01:24:02.297" level="INFO">Log level changed from NONE to INFO.</msg>
<status status="PASS" starttime="20231120 01:24:01.930" endtime="20231120 01:24:02.297"/>
</kw>
<status status="PASS" starttime="20231120 01:24:01.539" endtime="20231120 01:24:02.297"/>
</kw>
<kw name="Register">
<kw name="Click Button" library="SeleniumLibrary">
<arg>Register</arg>
<doc>Clicks the button identified by ``locator``.</doc>
<msg timestamp="20231120 01:24:02.298" level="INFO">Clicking button 'Register'.</msg>
<status status="PASS" starttime="20231120 01:24:02.297" endtime="20231120 01:24:02.789"/>
</kw>
<status status="PASS" starttime="20231120 01:24:02.297" endtime="20231120 01:24:02.789"/>
</kw>
<kw name="Register Should Not Succeed">
<kw name="Register Page Should Be Open" library="resource">
<kw name="Title Should Be" library="SeleniumLibrary">
<arg>Register</arg>
<doc>Verifies that the current page title equals ``title``.</doc>
<msg timestamp="20231120 01:24:02.897" level="INFO">Page title is 'Register'.</msg>
<status status="PASS" starttime="20231120 01:24:02.789" endtime="20231120 01:24:02.897"/>
</kw>
<status status="PASS" starttime="20231120 01:24:02.789" endtime="20231120 01:24:02.897"/>
</kw>
<status status="PASS" starttime="20231120 01:24:02.789" endtime="20231120 01:24:02.897"/>
</kw>
<kw name="Go To Login Page" library="resource">
<kw name="Go To" library="SeleniumLibrary">
<arg>${LOGIN_URL}</arg>
<doc>Navigates the current browser window to the provided ``url``.</doc>
<msg timestamp="20231120 01:24:02.897" level="INFO">Opening url 'http://localhost:5001/login'</msg>
<status status="PASS" starttime="20231120 01:24:02.897" endtime="20231120 01:24:03.014"/>
</kw>
<status status="PASS" starttime="20231120 01:24:02.897" endtime="20231120 01:24:03.014"/>
</kw>
<kw name="Set Username">
<arg>kallekall1</arg>
<kw name="Input Text" library="SeleniumLibrary">
<arg>username</arg>
<arg>${username}</arg>
<doc>Types the given ``text`` into the text field identified by ``locator``.</doc>
<msg timestamp="20231120 01:24:03.014" level="INFO">Typing text 'kallekall1' into text field 'username'.</msg>
<status status="PASS" starttime="20231120 01:24:03.014" endtime="20231120 01:24:03.369"/>
</kw>
<status status="PASS" starttime="20231120 01:24:03.014" endtime="20231120 01:24:03.369"/>
</kw>
<kw name="Set Login Password">
<arg>kalle123</arg>
<kw name="Input Password" library="SeleniumLibrary">
<arg>password</arg>
<arg>${password}</arg>
<doc>Types the given password into the text field identified by ``locator``.</doc>
<msg timestamp="20231120 01:24:03.369" level="INFO">Typing password into text field 'password'.</msg>
<msg timestamp="20231120 01:24:03.594" level="INFO">Temporally setting log level to: NONE</msg>
<msg timestamp="20231120 01:24:03.718" level="INFO">Log level changed from NONE to INFO.</msg>
<status status="PASS" starttime="20231120 01:24:03.369" endtime="20231120 01:24:03.719"/>
</kw>
<status status="PASS" starttime="20231120 01:24:03.369" endtime="20231120 01:24:03.719"/>
</kw>
<kw name="Submit Credentials">
<kw name="Click Button" library="SeleniumLibrary">
<arg>Login</arg>
<doc>Clicks the button identified by ``locator``.</doc>
<msg timestamp="20231120 01:24:03.719" level="INFO">Clicking button 'Login'.</msg>
<status status="PASS" starttime="20231120 01:24:03.719" endtime="20231120 01:24:04.196"/>
</kw>
<status status="PASS" starttime="20231120 01:24:03.719" endtime="20231120 01:24:04.196"/>
</kw>
<kw name="Login Should Fail With Message">
<arg>Invalid username or password</arg>
<kw name="Login Page Should Be Open" library="resource">
<kw name="Title Should Be" library="SeleniumLibrary">
<arg>Login</arg>
<doc>Verifies that the current page title equals ``title``.</doc>
<msg timestamp="20231120 01:24:04.303" level="INFO">Page title is 'Login'.</msg>
<status status="PASS" starttime="20231120 01:24:04.196" endtime="20231120 01:24:04.304"/>
</kw>
<status status="PASS" starttime="20231120 01:24:04.196" endtime="20231120 01:24:04.304"/>
</kw>
<kw name="Page Should Contain" library="SeleniumLibrary">
<arg>${message}</arg>
<doc>Verifies that current page contains ``text``.</doc>
<msg timestamp="20231120 01:24:04.531" level="INFO">Current page contains text 'Invalid username or password'.</msg>
<status status="PASS" starttime="20231120 01:24:04.304" endtime="20231120 01:24:04.531"/>
</kw>
<status status="PASS" starttime="20231120 01:24:04.196" endtime="20231120 01:24:04.531"/>
</kw>
<status status="PASS" starttime="20231120 01:24:01.018" endtime="20231120 01:24:04.532"/>
</test>
<kw name="Close Browser" library="SeleniumLibrary" type="TEARDOWN">
<doc>Closes the current browser.</doc>
<status status="PASS" starttime="20231120 01:24:04.534" endtime="20231120 01:24:04.698"/>
</kw>
<status status="PASS" starttime="20231120 01:23:46.206" endtime="20231120 01:24:04.698"/>
</suite>
<status status="PASS" starttime="20231120 01:23:34.172" endtime="20231120 01:24:04.700"/>
</suite>
<statistics>
<total>
<stat pass="11" fail="0" skip="0">All Tests</stat>
</total>
<tag>
</tag>
<suite>
<stat pass="11" fail="0" skip="0" id="s1" name="Tests">Tests</stat>
<stat pass="2" fail="0" skip="0" id="s1-s1" name="Home">Tests.Home</stat>
<stat pass="3" fail="0" skip="0" id="s1-s2" name="Login">Tests.Login</stat>
<stat pass="6" fail="0" skip="0" id="s1-s3" name="Register">Tests.Register</stat>
</suite>
</statistics>
<errors>
</errors>
</robot>
