<?xml version="1.0" encoding="UTF-8"?>
<robot generator="Robot 6.1.1 (Python 3.9.15 on darwin)" generated="20231119 23:34:58.820" rpa="false" schemaversion="4">
<suite id="s1" name="Login" source="/Users/ismo/UniCode/ohtu/palautusrepositorio/viikko3/login-robot/src/tests/login.robot">
<test id="s1-t1" name="Login With Correct Credentials" line="6">
<kw name="Create User And Input Login Command" type="SETUP">
<kw name="Create User" library="AppLibrary">
<arg>kalle</arg>
<arg>kalle123</arg>
<status status="PASS" starttime="20231119 23:34:58.834" endtime="20231119 23:34:58.834"/>
</kw>
<kw name="Input Login Command" library="resource">
<kw name="Input" library="AppLibrary">
<arg>login</arg>
<status status="PASS" starttime="20231119 23:34:58.834" endtime="20231119 23:34:58.834"/>
</kw>
<status status="PASS" starttime="20231119 23:34:58.834" endtime="20231119 23:34:58.834"/>
</kw>
<status status="PASS" starttime="20231119 23:34:58.833" endtime="20231119 23:34:58.834"/>
</kw>
<kw name="Input Credentials" library="resource">
<arg>kalle</arg>
<arg>kalle123</arg>
<kw name="Input" library="AppLibrary">
<arg>${username}</arg>
<status status="PASS" starttime="20231119 23:34:58.834" endtime="20231119 23:34:58.834"/>
</kw>
<kw name="Input" library="AppLibrary">
<arg>${password}</arg>
<status status="PASS" starttime="20231119 23:34:58.834" endtime="20231119 23:34:58.834"/>
</kw>
<kw name="Run Application" library="AppLibrary">
<status status="PASS" starttime="20231119 23:34:58.834" endtime="20231119 23:36:41.822"/>
</kw>
<status status="PASS" starttime="20231119 23:34:58.834" endtime="20231119 23:36:41.823"/>
</kw>
<kw name="Output Should Contain" library="AppLibrary">
<arg>Logged in</arg>
<msg timestamp="20231119 23:36:41.823" level="FAIL">Output "Logged in" is not in ['']</msg>
<status status="FAIL" starttime="20231119 23:36:41.823" endtime="20231119 23:36:41.824"/>
</kw>
<status status="FAIL" starttime="20231119 23:34:58.833" endtime="20231119 23:36:41.824">Output "Logged in" is not in ['']</status>
</test>
<status status="FAIL" starttime="20231119 23:34:58.821" endtime="20231119 23:36:41.825"/>
</suite>
<statistics>
<total>
<stat pass="0" fail="1" skip="0">All Tests</stat>
</total>
<tag>
</tag>
<suite>
<stat pass="0" fail="1" skip="0" id="s1" name="Login">Login</stat>
</suite>
</statistics>
<errors>
</errors>
</robot>
