<?xml version="1.0" encoding="UTF-8"?>
<robot generator="Robot 6.1.1 (Python 3.11.0 on darwin)" generated="20231119 20:54:07.326" rpa="false" schemaversion="4">
<suite id="s1" name="Tests" source="/Users/ismo/UniCode/ohtu/palautusrepositorio/viikko3/login-robot/src/tests">
<suite id="s1-s1" name="Login" source="/Users/ismo/UniCode/ohtu/palautusrepositorio/viikko3/login-robot/src/tests/login.robot">
<test id="s1-s1-t1" name="Login With Correct Credentials" line="6">
<kw name="Create User And Input Login Command" type="SETUP">
<kw name="Create User" library="AppLibrary">
<arg>kalle</arg>
<arg>kalle123</arg>
<status status="PASS" starttime="20231119 20:54:07.335" endtime="20231119 20:54:07.335"/>
</kw>
<kw name="Input Login Command" library="resource">
<kw name="Input" library="AppLibrary">
<arg>login</arg>
<status status="PASS" starttime="20231119 20:54:07.336" endtime="20231119 20:54:07.336"/>
</kw>
<status status="PASS" starttime="20231119 20:54:07.335" endtime="20231119 20:54:07.336"/>
</kw>
<status status="PASS" starttime="20231119 20:54:07.335" endtime="20231119 20:54:07.336"/>
</kw>
<kw name="Input Credentials" library="resource">
<arg>kalle</arg>
<arg>kalle123</arg>
<kw name="Input" library="AppLibrary">
<arg>${username}</arg>
<status status="PASS" starttime="20231119 20:54:07.336" endtime="20231119 20:54:07.336"/>
</kw>
<kw name="Input" library="AppLibrary">
<arg>${password}</arg>
<status status="PASS" starttime="20231119 20:54:07.336" endtime="20231119 20:54:07.336"/>
</kw>
<kw name="Run Application" library="AppLibrary">
<status status="PASS" starttime="20231119 20:54:07.336" endtime="20231119 20:54:07.336"/>
</kw>
<status status="PASS" starttime="20231119 20:54:07.336" endtime="20231119 20:54:07.336"/>
</kw>
<kw name="Output Should Contain" library="AppLibrary">
<arg>Logged in</arg>
<status status="PASS" starttime="20231119 20:54:07.336" endtime="20231119 20:54:07.336"/>
</kw>
<status status="PASS" starttime="20231119 20:54:07.335" endtime="20231119 20:54:07.336"/>
</test>
<test id="s1-s1-t2" name="Login With Incorrect Password" line="10">
<kw name="Create User And Input Login Command" type="SETUP">
<kw name="Create User" library="AppLibrary">
<arg>kalle</arg>
<arg>kalle123</arg>
<status status="PASS" starttime="20231119 20:54:07.336" endtime="20231119 20:54:07.336"/>
</kw>
<kw name="Input Login Command" library="resource">
<kw name="Input" library="AppLibrary">
<arg>login</arg>
<status status="PASS" starttime="20231119 20:54:07.336" endtime="20231119 20:54:07.337"/>
</kw>
<status status="PASS" starttime="20231119 20:54:07.336" endtime="20231119 20:54:07.337"/>
</kw>
<status status="PASS" starttime="20231119 20:54:07.336" endtime="20231119 20:54:07.337"/>
</kw>
<kw name="Input Credentials" library="resource">
<arg>kalle</arg>
<arg>kalle1234</arg>
<kw name="Input" library="AppLibrary">
<arg>${username}</arg>
<status status="PASS" starttime="20231119 20:54:07.337" endtime="20231119 20:54:07.337"/>
</kw>
<kw name="Input" library="AppLibrary">
<arg>${password}</arg>
<status status="PASS" starttime="20231119 20:54:07.337" endtime="20231119 20:54:07.337"/>
</kw>
<kw name="Run Application" library="AppLibrary">
<status status="PASS" starttime="20231119 20:54:07.337" endtime="20231119 20:54:07.337"/>
</kw>
<status status="PASS" starttime="20231119 20:54:07.337" endtime="20231119 20:54:07.337"/>
</kw>
<kw name="Output Should Contain" library="AppLibrary">
<arg>Invalid username or password</arg>
<status status="PASS" starttime="20231119 20:54:07.337" endtime="20231119 20:54:07.337"/>
</kw>
<status status="PASS" starttime="20231119 20:54:07.336" endtime="20231119 20:54:07.337"/>
</test>
<test id="s1-s1-t3" name="Login With Nonexistent Username" line="14">
<kw name="Create User And Input Login Command" type="SETUP">
<kw name="Create User" library="AppLibrary">
<arg>kalle</arg>
<arg>kalle123</arg>
<status status="PASS" starttime="20231119 20:54:07.337" endtime="20231119 20:54:07.338"/>
</kw>
<kw name="Input Login Command" library="resource">
<kw name="Input" library="AppLibrary">
<arg>login</arg>
<status status="PASS" starttime="20231119 20:54:07.338" endtime="20231119 20:54:07.338"/>
</kw>
<status status="PASS" starttime="20231119 20:54:07.338" endtime="20231119 20:54:07.338"/>
</kw>
<status status="PASS" starttime="20231119 20:54:07.337" endtime="20231119 20:54:07.338"/>
</kw>
<kw name="Input Credentials" library="resource">
<arg>kalle123</arg>
<arg>kalle1234</arg>
<kw name="Input" library="AppLibrary">
<arg>${username}</arg>
<status status="PASS" starttime="20231119 20:54:07.338" endtime="20231119 20:54:07.338"/>
</kw>
<kw name="Input" library="AppLibrary">
<arg>${password}</arg>
<status status="PASS" starttime="20231119 20:54:07.338" endtime="20231119 20:54:07.338"/>
</kw>
<kw name="Run Application" library="AppLibrary">
<status status="PASS" starttime="20231119 20:54:07.338" endtime="20231119 20:54:07.338"/>
</kw>
<status status="PASS" starttime="20231119 20:54:07.338" endtime="20231119 20:54:07.338"/>
</kw>
<kw name="Output Should Contain" library="AppLibrary">
<arg>Invalid username or password</arg>
<status status="PASS" starttime="20231119 20:54:07.338" endtime="20231119 20:54:07.338"/>
</kw>
<status status="PASS" starttime="20231119 20:54:07.337" endtime="20231119 20:54:07.338"/>
</test>
<status status="PASS" starttime="20231119 20:54:07.333" endtime="20231119 20:54:07.338"/>
</suite>
<status status="PASS" starttime="20231119 20:54:07.327" endtime="20231119 20:54:07.338"/>
</suite>
<statistics>
<total>
<stat pass="3" fail="0" skip="0">All Tests</stat>
</total>
<tag>
</tag>
<suite>
<stat pass="3" fail="0" skip="0" id="s1" name="Tests">Tests</stat>
<stat pass="3" fail="0" skip="0" id="s1-s1" name="Login">Tests.Login</stat>
</suite>
</statistics>
<errors>
</errors>
</robot>
